生成启动时间为 2020/3/10 20:04:35。
     1>项目“C:\Users\zlc\Desktop\递归\递归\递归.vcxproj”在节点 2 上(build 个目标)。
     1>InitializeBuildStatus:
         正在创建“Debug\递归.unsuccessfulbuild”，因为已指定“AlwaysCreate”。
       ClCompile:
         所有输出均为最新。
         C:\Program Files (x86)\Microsoft Visual Studio 10.0\VC\bin\CL.exe /c /ZI /nologo /W3 /WX- /Od /Oy- /D WIN32 /D _DEBUG /D _CONSOLE /D _UNICODE /D UNICODE /Gm /EHsc /RTC1 /MDd /GS /fp:precise /Zc:wchar_t /Zc:forScope /Yu"StdAfx.h" /Fp"Debug\递归.pch" /Fo"Debug\\" /Fd"Debug\vc100.pdb" /Gd /TP /analyze- /errorReport:prompt "递归.cpp"
         递归.cpp
       ManifestResourceCompile:
         所有输出均为最新。
       Link:
         C:\Program Files (x86)\Microsoft Visual Studio 10.0\VC\bin\link.exe /ERRORREPORT:PROMPT /OUT:"C:\Users\zlc\Desktop\递归\Debug\递归.exe" /INCREMENTAL /NOLOGO kernel32.lib user32.lib gdi32.lib winspool.lib comdlg32.lib advapi32.lib shell32.lib ole32.lib oleaut32.lib uuid.lib odbc32.lib odbccp32.lib /MANIFEST /ManifestFile:"Debug\递归.exe.intermediate.manifest" /MANIFESTUAC:"level='asInvoker' uiAccess='false'" /DEBUG /PDB:"C:\Users\zlc\Desktop\递归\Debug\递归.pdb" /SUBSYSTEM:CONSOLE /TLBID:1 /DYNAMICBASE /NXCOMPAT /IMPLIB:"C:\Users\zlc\Desktop\递归\Debug\递归.lib" /MACHINE:X86 "Debug\递归.exe.embed.manifest.res"
         Debug\stdafx.obj
         "Debug\递归.obj"
       Manifest:
         C:\Program Files (x86)\Microsoft SDKs\Windows\v7.0A\bin\mt.exe /nologo /verbose /out:"Debug\递归.exe.embed.manifest" /manifest "Debug\递归.exe.intermediate.manifest"
         所有输出均为最新。
       LinkEmbedManifest:
         所有输出均为最新。
         递归.vcxproj -> C:\Users\zlc\Desktop\递归\Debug\递归.exe
       FinalizeBuildStatus:
         正在删除文件“Debug\递归.unsuccessfulbuild”。
         正在对“Debug\递归.lastbuildstate”执行 Touch 任务。
     1>已完成生成项目“C:\Users\zlc\Desktop\递归\递归\递归.vcxproj”(build 个目标)的操作。

生成成功。

已用时间 00:00:00.55
